15:03:52.283 | V |                      | ArgumentsFromParametersFile.OnBuildCreated (150)
15:03:52.314 | V |                      | Passing value for Build.Solution (Book/Book.sln)
15:03:52.321 | V |                      | InjectParameterValues.OnBuildCreated (100)
15:03:52.350 | V |                      | HandleShellCompletion.OnBuildCreated (75)
15:03:52.424 | V |                      | GenerateBuildServerConfigurations.OnBuildCreated (50)
15:03:52.424 | V |                      | InvokeBuildServerConfigurationGeneration.OnBuildCreated (45)
15:03:52.710 | V |                      | UpdateNotification.OnBuildCreated (10)
15:03:52.710 | V |                      | UnsetVisualStudioEnvironmentVariables.OnBuildCreated (0)
15:03:52.710 | V |                      | HandleVisualStudioDebugging.OnBuildCreated (0)
15:03:52.711 | V |                      | EventInvoker.OnBuildCreated (-3.4028235E+38)
15:03:52.726 | V |                      | HandleHelpRequests.OnBuildInitialized (5)
15:03:52.726 | V |                      | CheckBuildProjectConfigurations.OnBuildInitialized (0)
15:03:52.913 | V |                      | Telemetry.OnBuildInitialized (0)
15:03:53.228 | V |                      | Sending BuildStarted telemetry event ...
15:03:53.230 | V |                      |   build_components         = 
15:03:53.230 | V |                      |   build_type               = Project
15:03:53.231 | V |                      |   compile_time             = 3
15:03:53.231 | V |                      |   config_generators        = GitHubActions
15:03:53.231 | V |                      |   host                     = Terminal
15:03:53.231 | V |                      |   num_custom_components    = 0
15:03:53.231 | V |                      |   num_custom_extensions    = 0
15:03:53.231 | V |                      |   num_partitioned_targets  = 0
15:03:53.231 | V |                      |   num_secrets              = 0
15:03:53.231 | V |                      |   num_targets              = 8
15:03:53.231 | V |                      |   os_architecture          = X64
15:03:53.231 | V |                      |   os_platform              = Windows
15:03:53.231 | V |                      |   repo_branch              = main
15:03:53.231 | V |                      |   repo_commit              = a57ae0
15:03:53.231 | V |                      |   repo_provider            = <null>
15:03:53.231 | V |                      |   repo_url                 = 284d07
15:03:53.231 | V |                      |   target_framework         = .NETCoreApp,Version=v6.0
15:03:53.231 | V |                      |   version_dotnet_sdk       = 6.0.300
15:03:53.231 | V |                      |   version_nuke_common      = 6.0.3
15:03:53.231 | V |                      |   version_nuke_global_tool = 6.0.3
15:03:53.449 | V |                      | InjectNonParameterValues.OnBuildInitialized (-100)
15:03:53.450 | V |                      | EventInvoker.OnBuildInitialized (-3.4028235E+38)
15:03:53.457 | V | Clean                | EventInvoker.OnTargetRunning (-3.4028235E+38)
15:03:53.458 | I | Clean                | Cleaning directory G:\Work Folder\Healthline Job\BlazorProject\artifacts...
15:03:53.464 | V | Clean                | Telemetry.OnTargetSucceeded (0)
15:03:53.464 | V | Clean                | EventInvoker.OnTargetSucceeded (-3.4028235E+38)
15:03:53.467 | V | Restore              | EventInvoker.OnTargetRunning (-3.4028235E+38)
15:03:53.477 | I | Restore              | > "C:\Program Files\dotnet\dotnet.exe" restore "G:\Work Folder\Healthline Job\BlazorProject\Book\Book.sln"
15:03:53.878 | D | Restore              |   Determining projects to restore...
15:03:54.047 | D | Restore              |   All projects are up-to-date for restore.
15:03:54.061 | V | Restore              | Telemetry.OnTargetSucceeded (0)
15:03:54.130 | V | Restore              | Sending TargetSucceeded telemetry event ...
15:03:54.130 | V | Restore              |   build_components         = 
15:03:54.130 | V | Restore              |   build_type               = Project
15:03:54.130 | V | Restore              |   compile_time             = 4
15:03:54.130 | V | Restore              |   config_generators        = GitHubActions
15:03:54.130 | V | Restore              |   host                     = Terminal
15:03:54.130 | V | Restore              |   num_custom_components    = 0
15:03:54.130 | V | Restore              |   num_custom_extensions    = 0
15:03:54.130 | V | Restore              |   num_partitioned_targets  = 0
15:03:54.130 | V | Restore              |   num_secrets              = 0
15:03:54.130 | V | Restore              |   num_targets              = 8
15:03:54.130 | V | Restore              |   os_architecture          = X64
15:03:54.130 | V | Restore              |   os_platform              = Windows
15:03:54.130 | V | Restore              |   repo_branch              = main
15:03:54.130 | V | Restore              |   repo_commit              = a57ae0
15:03:54.130 | V | Restore              |   repo_provider            = <null>
15:03:54.130 | V | Restore              |   repo_url                 = 284d07
15:03:54.130 | V | Restore              |   target_current_partition = 1
15:03:54.130 | V | Restore              |   target_duration          = 1
15:03:54.130 | V | Restore              |   target_framework         = .NETCoreApp,Version=v6.0
15:03:54.131 | V | Restore              |   target_name              = Restore
15:03:54.131 | V | Restore              |   target_total_partitions  = 1
15:03:54.131 | V | Restore              |   version_dotnet_sdk       = 6.0.300
15:03:54.131 | V | Restore              |   version_nuke_common      = 6.0.3
15:03:54.131 | V | Restore              |   version_nuke_global_tool = 6.0.3
15:03:54.241 | V | Restore              | EventInvoker.OnTargetSucceeded (-3.4028235E+38)
15:03:54.244 | V | Compile              | EventInvoker.OnTargetRunning (-3.4028235E+38)
15:03:54.247 | I | Compile              | > "C:\Program Files\dotnet\dotnet.exe" build "G:\Work Folder\Healthline Job\BlazorProject\Book\Book.sln" --configuration Debug --no-restore
15:03:54.341 | D | Compile              | Microsoft (R) Build Engine version 17.2.0+41abc5629 for .NET
15:03:54.342 | D | Compile              | Copyright (C) Microsoft Corporation. All rights reserved.
15:03:54.343 | D | Compile              | 
15:03:54.631 | D | Compile              |   BookStoreApp.Blazor.Server.UI -> G:\Work Folder\Healthline Job\BlazorProject\Book\BookStoreApp.Blazor.Server.UI\bin\Debug\net6.0\BookStoreApp.Blazor.Server.UI.dll
15:03:54.880 | D | Compile              |   BookStoreApp.Blazor.WebAssembly.UI -> G:\Work Folder\Healthline Job\BlazorProject\Book\BookStoreApp.Blazor.WebAssembly.UI\bin\Debug\net6.0\BookStoreApp.Blazor.WebAssembly.UI.dll
15:03:54.880 | D | Compile              |   BookStoreApp.Blazor.WebAssembly.UI (Blazor output) -> G:\Work Folder\Healthline Job\BlazorProject\Book\BookStoreApp.Blazor.WebAssembly.UI\bin\Debug\net6.0\wwwroot
15:03:54.974 | D | Compile              |   BookStoreApp.API -> G:\Work Folder\Healthline Job\BlazorProject\Book\BookStoreApp.API\bin\Debug\net6.0\BookStoreApp.API.dll
15:03:54.988 | D | Compile              | 
15:03:54.989 | D | Compile              | Build succeeded.
15:03:54.989 | D | Compile              |     0 Warning(s)
15:03:54.990 | D | Compile              |     0 Error(s)
15:03:54.991 | D | Compile              | 
15:03:54.991 | D | Compile              | Time Elapsed 00:00:00.61
15:03:55.005 | V | Compile              | Telemetry.OnTargetSucceeded (0)
15:03:55.072 | V | Compile              | Sending TargetSucceeded telemetry event ...
15:03:55.072 | V | Compile              |   build_components         = 
15:03:55.072 | V | Compile              |   build_type               = Project
15:03:55.072 | V | Compile              |   compile_time             = 5
15:03:55.072 | V | Compile              |   config_generators        = GitHubActions
15:03:55.072 | V | Compile              |   host                     = Terminal
15:03:55.072 | V | Compile              |   num_custom_components    = 0
15:03:55.072 | V | Compile              |   num_custom_extensions    = 0
15:03:55.072 | V | Compile              |   num_partitioned_targets  = 0
15:03:55.072 | V | Compile              |   num_secrets              = 0
15:03:55.072 | V | Compile              |   num_targets              = 8
15:03:55.072 | V | Compile              |   os_architecture          = X64
15:03:55.072 | V | Compile              |   os_platform              = Windows
15:03:55.072 | V | Compile              |   repo_branch              = main
15:03:55.072 | V | Compile              |   repo_commit              = a57ae0
15:03:55.072 | V | Compile              |   repo_provider            = <null>
15:03:55.072 | V | Compile              |   repo_url                 = 284d07
15:03:55.072 | V | Compile              |   target_current_partition = 1
15:03:55.072 | V | Compile              |   target_duration          = 1
15:03:55.072 | V | Compile              |   target_framework         = .NETCoreApp,Version=v6.0
15:03:55.072 | V | Compile              |   target_name              = Compile
15:03:55.072 | V | Compile              |   target_total_partitions  = 1
15:03:55.072 | V | Compile              |   version_dotnet_sdk       = 6.0.300
15:03:55.072 | V | Compile              |   version_nuke_common      = 6.0.3
15:03:55.072 | V | Compile              |   version_nuke_global_tool = 6.0.3
15:03:55.197 | V | Compile              | EventInvoker.OnTargetSucceeded (-3.4028235E+38)
15:03:55.200 | V | StartApi             | EventInvoker.OnTargetRunning (-3.4028235E+38)
15:03:55.268 | I | StartApi             | > "C:\Program Files\dotnet\dotnet.exe" run
15:03:55.269 | I | StartApi             | @ G:\Work Folder\Healthline Job\BlazorProject\Book\BookStoreApp.API
15:03:55.272 | V | StartApi             | Telemetry.OnTargetSucceeded (0)
15:03:55.272 | V | StartApi             | EventInvoker.OnTargetSucceeded (-3.4028235E+38)
15:03:55.275 | V | BookStoreAppWASM     | EventInvoker.OnTargetRunning (-3.4028235E+38)
15:03:55.278 | I | BookStoreAppWASM     | > "C:\Program Files\dotnet\dotnet.exe" test "G:\Work Folder\Healthline Job\BlazorProject\Book\BookStoreApp.Blazor.WebAssembly.UI" --no-build --no-restore
15:03:55.344 | D | BookStoreAppWASM     | Building...
15:03:55.664 | V | BookStoreAppWASM     | Telemetry.OnTargetSucceeded (0)
15:03:55.664 | V | BookStoreAppWASM     | EventInvoker.OnTargetSucceeded (-3.4028235E+38)
15:03:55.667 | V | BookStoreAppServer   | EventInvoker.OnTargetRunning (-3.4028235E+38)
15:03:55.668 | I | BookStoreAppServer   | > "C:\Program Files\dotnet\dotnet.exe" test "G:\Work Folder\Healthline Job\BlazorProject\Book\BookStoreApp.Blazor.Server.UI" --no-build --no-restore
15:03:56.063 | V | BookStoreAppServer   | Telemetry.OnTargetSucceeded (0)
15:03:56.063 | V | BookStoreAppServer   | EventInvoker.OnTargetSucceeded (-3.4028235E+38)
15:03:56.066 | V | StopApi              | EventInvoker.OnTargetRunning (-3.4028235E+38)
15:03:56.067 | V | StopApi              | Telemetry.OnTargetSucceeded (0)
15:03:56.067 | V | StopApi              | EventInvoker.OnTargetSucceeded (-3.4028235E+38)
15:03:56.077 | V |                      | UpdateNotification.OnBuildFinished (10)
15:03:56.078 | V |                      | SerializeBuildServerState.OnBuildFinished (0)
15:03:56.078 | V |                      | ShutdownDotNetAfterServerBuild.OnBuildFinished (-50)
15:03:56.078 | V |                      | EventInvoker.OnBuildFinished (-3.4028235E+38)
