V |                      | ArgumentsFromParametersFile.OnBuildCreated (150)
V |                      | Passing value for Build.Solution (Book/Book.sln)
V |                      | InjectParameterValues.OnBuildCreated (100)
V |                      | HandleShellCompletion.OnBuildCreated (75)
V |                      | GenerateBuildServerConfigurations.OnBuildCreated (50)
V |                      | InvokeBuildServerConfigurationGeneration.OnBuildCreated (45)
V |                      | UpdateNotification.OnBuildCreated (10)
V |                      | UnsetVisualStudioEnvironmentVariables.OnBuildCreated (0)
V |                      | HandleVisualStudioDebugging.OnBuildCreated (0)
V |                      | EventInvoker.OnBuildCreated (-3.4028235E+38)
V |                      | HandleHelpRequests.OnBuildInitialized (5)
V |                      | CheckBuildProjectConfigurations.OnBuildInitialized (0)
V |                      | Telemetry.OnBuildInitialized (0)
V |                      | Sending BuildStarted telemetry event ...
V |                      |   build_components         = 
V |                      |   build_type               = Project
V |                      |   compile_time             = <null>
V |                      |   config_generators        = 
V |                      |   host                     = Terminal
V |                      |   num_custom_components    = 0
V |                      |   num_custom_extensions    = 0
V |                      |   num_partitioned_targets  = 0
V |                      |   num_secrets              = 0
V |                      |   num_targets              = 7
V |                      |   os_architecture          = X64
V |                      |   os_platform              = Windows
V |                      |   repo_branch              = main
V |                      |   repo_commit              = 71fda3
V |                      |   repo_provider            = <null>
V |                      |   repo_url                 = 284d07
V |                      |   target_framework         = .NETCoreApp,Version=v6.0
V |                      |   version_dotnet_sdk       = 6.0.300
V |                      |   version_nuke_common      = 6.0.3
V |                      |   version_nuke_global_tool = <null>
V |                      | InjectNonParameterValues.OnBuildInitialized (-100)
V |                      | EventInvoker.OnBuildInitialized (-3.4028235E+38)
V | Clean                | EventInvoker.OnTargetRunning (-3.4028235E+38)
V | Clean                | Telemetry.OnTargetSucceeded (0)
V | Clean                | EventInvoker.OnTargetSucceeded (-3.4028235E+38)
V | Restore              | EventInvoker.OnTargetRunning (-3.4028235E+38)
I | Restore              | > "C:\Program Files\dotnet\dotnet.exe" restore "G:\Work Folder\Healthline Job\BlazorProject\Book\Book.sln"
D | Restore              |   Determining projects to restore...
D | Restore              |   Restored G:\Work Folder\Healthline Job\BlazorProject\Book\BookStoreApp.Blazor.Server.UI\BookStoreApp.Blazor.Server.UI.csproj (in 250 ms).
D | Restore              |   Restored G:\Work Folder\Healthline Job\BlazorProject\Book\BookStoreApp.Blazor.WebAssembly.UI\BookStoreApp.Blazor.WebAssembly.UI.csproj (in 250 ms).
D | Restore              |   1 of 3 projects are up-to-date for restore.
V | Restore              | Telemetry.OnTargetSucceeded (0)
V | Restore              | Sending TargetSucceeded telemetry event ...
V | Restore              |   build_components         = 
V | Restore              |   build_type               = Project
V | Restore              |   compile_time             = <null>
V | Restore              |   config_generators        = 
V | Restore              |   host                     = Terminal
V | Restore              |   num_custom_components    = 0
V | Restore              |   num_custom_extensions    = 0
V | Restore              |   num_partitioned_targets  = 0
V | Restore              |   num_secrets              = 0
V | Restore              |   num_targets              = 7
V | Restore              |   os_architecture          = X64
V | Restore              |   os_platform              = Windows
V | Restore              |   repo_branch              = main
V | Restore              |   repo_commit              = 71fda3
V | Restore              |   repo_provider            = <null>
V | Restore              |   repo_url                 = 284d07
V | Restore              |   target_current_partition = 1
V | Restore              |   target_duration          = 1
V | Restore              |   target_framework         = .NETCoreApp,Version=v6.0
V | Restore              |   target_name              = Restore
V | Restore              |   target_total_partitions  = 1
V | Restore              |   version_dotnet_sdk       = 6.0.300
V | Restore              |   version_nuke_common      = 6.0.3
V | Restore              |   version_nuke_global_tool = <null>
V | Restore              | EventInvoker.OnTargetSucceeded (-3.4028235E+38)
V | Compile              | EventInvoker.OnTargetRunning (-3.4028235E+38)
I | Compile              | > "C:\Program Files\dotnet\dotnet.exe" build "G:\Work Folder\Healthline Job\BlazorProject\Book\Book.sln" --configuration Debug --no-restore
D | Compile              | Microsoft (R) Build Engine version 17.2.0+41abc5629 for .NET
D | Compile              | Copyright (C) Microsoft Corporation. All rights reserved.
D | Compile              | 
D | Compile              |   BookStoreApp.API -> G:\Work Folder\Healthline Job\BlazorProject\Book\BookStoreApp.API\bin\Debug\net6.0\BookStoreApp.API.dll
D | Compile              |   BookStoreApp.Blazor.Server.UI -> G:\Work Folder\Healthline Job\BlazorProject\Book\BookStoreApp.Blazor.Server.UI\bin\Debug\net6.0\BookStoreApp.Blazor.Server.UI.dll
D | Compile              |   BookStoreApp.Blazor.WebAssembly.UI -> G:\Work Folder\Healthline Job\BlazorProject\Book\BookStoreApp.Blazor.WebAssembly.UI\bin\Debug\net6.0\BookStoreApp.Blazor.WebAssembly.UI.dll
D | Compile              |   BookStoreApp.Blazor.WebAssembly.UI (Blazor output) -> G:\Work Folder\Healthline Job\BlazorProject\Book\BookStoreApp.Blazor.WebAssembly.UI\bin\Debug\net6.0\wwwroot
D | Compile              | 
D | Compile              | Build succeeded.
D | Compile              |     0 Warning(s)
D | Compile              |     0 Error(s)
D | Compile              | 
D | Compile              | Time Elapsed 00:00:01.09
V | Compile              | Telemetry.OnTargetSucceeded (0)
V | Compile              | Sending TargetSucceeded telemetry event ...
V | Compile              |   build_components         = 
V | Compile              |   build_type               = Project
V | Compile              |   compile_time             = <null>
V | Compile              |   config_generators        = 
V | Compile              |   host                     = Terminal
V | Compile              |   num_custom_components    = 0
V | Compile              |   num_custom_extensions    = 0
V | Compile              |   num_partitioned_targets  = 0
V | Compile              |   num_secrets              = 0
V | Compile              |   num_targets              = 7
V | Compile              |   os_architecture          = X64
V | Compile              |   os_platform              = Windows
V | Compile              |   repo_branch              = main
V | Compile              |   repo_commit              = 71fda3
V | Compile              |   repo_provider            = <null>
V | Compile              |   repo_url                 = 284d07
V | Compile              |   target_current_partition = 1
V | Compile              |   target_duration          = 1
V | Compile              |   target_framework         = .NETCoreApp,Version=v6.0
V | Compile              |   target_name              = Compile
V | Compile              |   target_total_partitions  = 1
V | Compile              |   version_dotnet_sdk       = 6.0.300
V | Compile              |   version_nuke_common      = 6.0.3
V | Compile              |   version_nuke_global_tool = <null>
V | Compile              | EventInvoker.OnTargetSucceeded (-3.4028235E+38)
V | StartApi             | EventInvoker.OnTargetRunning (-3.4028235E+38)
I | StartApi             | > "C:\Program Files\dotnet\dotnet.exe" run
I | StartApi             | @ G:\Work Folder\Healthline Job\BlazorProject\Book\BookStoreApp.API
V | StartApi             | Telemetry.OnTargetSucceeded (0)
V | StartApi             | EventInvoker.OnTargetSucceeded (-3.4028235E+38)
V | BookStoreAppWASM     | EventInvoker.OnTargetRunning (-3.4028235E+38)
I | BookStoreAppWASM     | > "C:\Program Files\dotnet\dotnet.exe" test "G:\Work Folder\Healthline Job\BlazorProject\Book\BookStoreApp.Blazor.WebAssembly.UI" --no-build --no-restore
D | BookStoreAppWASM     | Building...
V | BookStoreAppWASM     | Telemetry.OnTargetSucceeded (0)
V | BookStoreAppWASM     | EventInvoker.OnTargetSucceeded (-3.4028235E+38)
V | BookStoreAppServer   | EventInvoker.OnTargetRunning (-3.4028235E+38)
I | BookStoreAppServer   | > "C:\Program Files\dotnet\dotnet.exe" test "G:\Work Folder\Healthline Job\BlazorProject\Book\BookStoreApp.Blazor.Server.UI" --no-build --no-restore
V | BookStoreAppServer   | Telemetry.OnTargetSucceeded (0)
V | BookStoreAppServer   | EventInvoker.OnTargetSucceeded (-3.4028235E+38)
V | StopApi              | EventInvoker.OnTargetRunning (-3.4028235E+38)
V | StopApi              | Telemetry.OnTargetSucceeded (0)
V | StopApi              | EventInvoker.OnTargetSucceeded (-3.4028235E+38)
V |                      | UpdateNotification.OnBuildFinished (10)
V |                      | SerializeBuildServerState.OnBuildFinished (0)
V |                      | ShutdownDotNetAfterServerBuild.OnBuildFinished (-50)
V |                      | EventInvoker.OnBuildFinished (-3.4028235E+38)
